<?xml version="1.0" encoding="UTF-8"?>
<testsuite name="nl.tudelft.jpacman.board.SquareTest" tests="3" skipped="0" failures="0" errors="0" timestamp="2023-09-26T11:55:37" hostname="brandons-macbook.local" time="0.614">
  <properties/>
  <testcase name="testLeave()" classname="nl.tudelft.jpacman.board.SquareTest" time="0.553"/>
  <testcase name="testOrder()" classname="nl.tudelft.jpacman.board.SquareTest" time="0.034"/>
  <testcase name="testOccupy()" classname="nl.tudelft.jpacman.board.SquareTest" time="0.007"/>
  <system-out><![CDATA[]]></system-out>
  <system-err><![CDATA[]]></system-err>
</testsuite>
