<?xml version="1.0" encoding="UTF-8"?>
<testsuite name="nl.tudelft.jpacman.board.BoardFactoryTest" tests="5" skipped="0" failures="0" errors="0" timestamp="2023-09-26T11:55:37" hostname="brandons-macbook.local" time="0.23">
  <properties/>
  <testcase name="connectedEast()" classname="nl.tudelft.jpacman.board.BoardFactoryTest" time="0.19"/>
  <testcase name="connectedWest()" classname="nl.tudelft.jpacman.board.BoardFactoryTest" time="0.001"/>
  <testcase name="worldIsRound()" classname="nl.tudelft.jpacman.board.BoardFactoryTest" time="0.032"/>
  <testcase name="connectedNorth()" classname="nl.tudelft.jpacman.board.BoardFactoryTest" time="0.001"/>
  <testcase name="connectedSouth()" classname="nl.tudelft.jpacman.board.BoardFactoryTest" time="0.001"/>
  <system-out><![CDATA[]]></system-out>
  <system-err><![CDATA[]]></system-err>
</testsuite>
