<?xml version="1.0" encoding="UTF-8"?>
<testsuite name="nl.tudelft.jpacman.level.LevelTest" tests="1" skipped="0" failures="0" errors="0" timestamp="2023-09-26T11:55:55" hostname="brandons-macbook.local" time="0.21">
  <properties/>
  <testcase name="registerPlayer()" classname="nl.tudelft.jpacman.level.LevelTest" time="0.21"/>
  <system-out><![CDATA[]]></system-out>
  <system-err><![CDATA[]]></system-err>
</testsuite>
