<?xml version="1.0" encoding="UTF-8"?>
<testsuite name="nl.tudelft.jpacman.board.DirectionTest" tests="1" skipped="0" failures="0" errors="0" timestamp="2023-09-26T11:55:51" hostname="brandons-macbook.local" time="0.018">
  <properties/>
  <testcase name="testNorth()" classname="nl.tudelft.jpacman.board.DirectionTest" time="0.018"/>
  <system-out><![CDATA[]]></system-out>
  <system-err><![CDATA[]]></system-err>
</testsuite>
