<?xml version="1.0" encoding="UTF-8"?>
<testsuite name="nl.tudelft.jpacman.level.PlayerTest" tests="1" skipped="0" failures="0" errors="0" timestamp="2023-09-26T11:55:53" hostname="brandons-macbook.local" time="0.021">
  <properties/>
  <testcase name="isAlive()" classname="nl.tudelft.jpacman.level.PlayerTest" time="0.021"/>
  <system-out><![CDATA[]]></system-out>
  <system-err><![CDATA[]]></system-err>
</testsuite>
