<?xml version="1.0" encoding="UTF-8"?>
<testsuite name="nl.tudelft.jpacman.npc.ghost.NavigationTest" tests="2" skipped="0" failures="0" errors="0" timestamp="2023-09-26T11:55:55" hostname="brandons-macbook.local" time="0.063">
  <properties/>
  <testcase name="findUnit()" classname="nl.tudelft.jpacman.npc.ghost.NavigationTest" time="0.042"/>
  <testcase name="findUnitInBoard()" classname="nl.tudelft.jpacman.npc.ghost.NavigationTest" time="0.007"/>
  <system-out><![CDATA[]]></system-out>
  <system-err><![CDATA[]]></system-err>
</testsuite>
